<?xml version="1.0" encoding="UTF-8"?>
<!-- Generated by org.testng.reporters.JUnitXMLReporter -->
<testsuite hostname="DESKTOP-UNE8MP0" ignored="2" name="Cafe TOWNSEND application test cases" tests="3" failures="0" timestamp="23 Jan 2020 17:40:59 GMT" time="66.585" errors="0">
  <testcase name="verifyUserLoginWithValidCreds" time="5.482" classname="com.testscripts.cafeTownSend.LoginTest"/>
  <testcase name="verifyCreateEmployeeFunction" time="7.998" classname="com.testscripts.cafeTownSend.EmployeeListTest"/>
  <testcase name="verifyUserLoginWithInValidCreds" time="4.873" classname="com.testscripts.cafeTownSend.LoginTest"/>
  <testcase name="@BeforeSuite beforeSuite" time="0.0" classname="com.basetest.environments.SetTestEnvironments">
    <ignored/>
  </testcase> <!-- @BeforeSuite beforeSuite -->
  <testcase name="@AfterSuite afterSuite" time="0.0" classname="com.basetest.environments.SetTestEnvironments">
    <ignored/>
  </testcase> <!-- @AfterSuite afterSuite -->
</testsuite> <!-- Cafe TOWNSEND application test cases -->
