<?xml version="1.0" encoding="UTF-8"?>
<testsuite xmlns:xsi="http://www.w3.org/2001/XMLSchema-instance" xsi:schemaLocation="https://maven.apache.org/surefire/maven-surefire-plugin/xsd/surefire-test-report.xsd" name="TestSuite" time="67.949" tests="3" errors="0" skipped="0" failures="0">
  <properties>
[...]
</properties>
  <testcase name="verifyUserLoginWithValidCreds" classname="com.testscripts.cafeTownSend.LoginTest" time="5.485"/>
  <testcase name="verifyCreateEmployeeFunction" classname="com.testscripts.cafeTownSend.EmployeeListTest" time="7.996"/>
  <testcase name="verifyUserLoginWithInValidCreds" classname="com.testscripts.cafeTownSend.LoginTest" time="4.874"/>
</testsuite>